# JRE version: Java(TM) SE Runtime Environment (24.0.1+9) (build 24.0.1+9-30)
# Java VM: Java HotSpot(TM) 64-Bit Server VM (24.0.1+9-30, mixed mode, sharing, tiered, compressed oops, compressed class ptrs, g1 gc, windows-amd64)
GC Precious Log:
 CardTable entry size: 512
 Card Set container configuration: InlinePtr #cards 4 size 8 Array Of Cards #cards 16 size 48 Howl #buckets 8 coarsen threshold 3686 Howl Bitmap #cards 512 size 80 coarsen threshold 460 Card regions per heap region 1 cards per card region 4096
 CPUs: 4 total, 4 available
 Memory: 12174M
 Large Page Support: Disabled
 NUMA Support: Disabled
 Compressed Oops: Enabled (Zero based)
 Heap Region Size: 2M
 Heap Min Capacity: 8M
 Heap Initial Capacity: 192M
 Heap Max Capacity: 3044M
 Pre-touch: Disabled
 Parallel Workers: 4
 Concurrent Workers: 1
 Concurrent Refinement Workers: 4
 Periodic GC: Disabled
Heap:
 garbage-first heap   total reserved 3117056K, committed 51200K, used 42022K [0x0000000741c00000, 0x0000000800000000)
  region size 2048K, 14 young (28672K), 2 survivors (4096K)
 Metaspace       used 28007K, committed 28480K, reserved 1114112K
  class space    used 2880K, committed 3136K, reserved 1048576K
GC Heap History (16 events):
Event: 2.434 GC heap before
{Heap before GC invocations=0 (full 0):
 garbage-first heap   total reserved 3117056K, committed 198656K, used 29812K [0x0000000741c00000, 0x0000000800000000)
  region size 2048K, 14 young (28672K), 0 survivors (0K)
 Metaspace       used 3571K, committed 3776K, reserved 1114112K
  class space    used 290K, committed 384K, reserved 1048576K
}
Event: 2.454 GC heap after
{Heap after GC invocations=1 (full 0):
 garbage-first heap   total reserved 3117056K, committed 198656K, used 3188K [0x0000000741c00000, 0x0000000800000000)
  region size 2048K, 1 young (2048K), 1 survivors (2048K)
 Metaspace       used 3571K, committed 3776K, reserved 1114112K
  class space    used 290K, committed 384K, reserved 1048576K
}
Event: 8.377 GC heap before
{Heap before GC invocations=1 (full 0):
 garbage-first heap   total reserved 3117056K, committed 198656K, used 91252K [0x0000000741c00000, 0x0000000800000000)
  region size 2048K, 44 young (90112K), 1 survivors (2048K)
 Metaspace       used 12197K, committed 12480K, reserved 1114112K
  class space    used 1280K, committed 1408K, reserved 1048576K
}
Event: 8.387 GC heap after
{Heap after GC invocations=2 (full 0):
 garbage-first heap   total reserved 3117056K, committed 198656K, used 6266K [0x0000000741c00000, 0x0000000800000000)
  region size 2048K, 3 young (6144K), 3 survivors (6144K)
 Metaspace       used 12197K, committed 12480K, reserved 1114112K
  class space    used 1280K, committed 1408K, reserved 1048576K
}
Event: 11.699 GC heap before
{Heap before GC invocations=2 (full 0):
 garbage-first heap   total reserved 3117056K, committed 198656K, used 100474K [0x0000000741c00000, 0x0000000800000000)
  region size 2048K, 49 young (100352K), 3 survivors (6144K)
 Metaspace       used 21143K, committed 21504K, reserved 1114112K
  class space    used 2076K, committed 2240K, reserved 1048576K
}
Event: 11.716 GC heap after
{Heap after GC invocations=3 (full 0):
 garbage-first heap   total reserved 3117056K, committed 198656K, used 10783K [0x0000000741c00000, 0x0000000800000000)
  region size 2048K, 5 young (10240K), 5 survivors (10240K)
 Metaspace       used 21143K, committed 21504K, reserved 1114112K
  class space    used 2076K, committed 2240K, reserved 1048576K
}
Event: 11.842 GC heap before
{Heap before GC invocations=3 (full 0):
 garbage-first heap   total reserved 3117056K, committed 198656K, used 41503K [0x0000000741c00000, 0x0000000800000000)
  region size 2048K, 21 young (43008K), 5 survivors (10240K)
 Metaspace       used 21210K, committed 21504K, reserved 1114112K
  class space    used 2083K, committed 2240K, reserved 1048576K
}
Event: 11.854 GC heap after
{Heap after GC invocations=4 (full 0):
 garbage-first heap   total reserved 3117056K, committed 198656K, used 11311K [0x0000000741c00000, 0x0000000800000000)
  region size 2048K, 4 young (8192K), 4 survivors (8192K)
 Metaspace       used 21210K, committed 21504K, reserved 1114112K
  class space    used 2083K, committed 2240K, reserved 1048576K
}
Event: 12.912 GC heap before
{Heap before GC invocations=5 (full 0):
 garbage-first heap   total reserved 3117056K, committed 40960K, used 39983K [0x0000000741c00000, 0x0000000800000000)
  region size 2048K, 18 young (36864K), 4 survivors (8192K)
 Metaspace       used 24188K, committed 24512K, reserved 1114112K
  class space    used 2414K, committed 2560K, reserved 1048576K
}
Event: 12.924 GC heap after
{Heap after GC invocations=6 (full 0):
 garbage-first heap   total reserved 3117056K, committed 51200K, used 11664K [0x0000000741c00000, 0x0000000800000000)
  region size 2048K, 5 young (10240K), 5 survivors (10240K)
 Metaspace       used 24188K, committed 24512K, reserved 1114112K
  class space    used 2414K, committed 2560K, reserved 1048576K
}
Event: 13.862 GC heap before
{Heap before GC invocations=6 (full 0):
 garbage-first heap   total reserved 3117056K, committed 51200K, used 32144K [0x0000000741c00000, 0x0000000800000000)
  region size 2048K, 15 young (30720K), 5 survivors (10240K)
 Metaspace       used 25063K, committed 25472K, reserved 1114112K
  class space    used 2488K, committed 2688K, reserved 1048576K
}
Event: 13.878 GC heap after
{Heap after GC invocations=7 (full 0):
 garbage-first heap   total reserved 3117056K, committed 51200K, used 13124K [0x0000000741c00000, 0x0000000800000000)
  region size 2048K, 2 young (4096K), 2 survivors (4096K)
 Metaspace       used 25063K, committed 25472K, reserved 1114112K
  class space    used 2488K, committed 2688K, reserved 1048576K
}
Event: 14.994 GC heap before
{Heap before GC invocations=7 (full 0):
 garbage-first heap   total reserved 3117056K, committed 51200K, used 37700K [0x0000000741c00000, 0x0000000800000000)
  region size 2048K, 14 young (28672K), 2 survivors (4096K)
 Metaspace       used 25983K, committed 26432K, reserved 1114112K
  class space    used 2612K, committed 2816K, reserved 1048576K
}
Event: 15.000 GC heap after
{Heap after GC invocations=8 (full 0):
 garbage-first heap   total reserved 3117056K, committed 51200K, used 15932K [0x0000000741c00000, 0x0000000800000000)
  region size 2048K, 2 young (4096K), 2 survivors (4096K)
 Metaspace       used 25983K, committed 26432K, reserved 1114112K
  class space    used 2612K, committed 2816K, reserved 1048576K
}
Event: 50.596 GC heap before
{Heap before GC invocations=8 (full 0):
 garbage-first heap   total reserved 3117056K, committed 51200K, used 40508K [0x0000000741c00000, 0x0000000800000000)
  region size 2048K, 14 young (28672K), 2 survivors (4096K)
 Metaspace       used 27899K, committed 28288K, reserved 1114112K
  class space    used 2880K, committed 3072K, reserved 1048576K
}
Event: 50.607 GC heap after
{Heap after GC invocations=9 (full 0):
 garbage-first heap   total reserved 3117056K, committed 51200K, used 17446K [0x0000000741c00000, 0x0000000800000000)
  region size 2048K, 1 young (2048K), 1 survivors (2048K)
 Metaspace       used 27899K, committed 28288K, reserved 1114112K
  class space    used 2880K, committed 3072K, reserved 1048576K
}

