# JRE version: Java(TM) SE Runtime Environment (24.0.1+9) (build 24.0.1+9-30)
# Java VM: Java HotSpot(TM) 64-Bit Server VM (24.0.1+9-30, mixed mode, sharing, tiered, compressed oops, compressed class ptrs, g1 gc, windows-amd64)
GC Precious Log:
 CardTable entry size: 512
 Card Set container configuration: InlinePtr #cards 4 size 8 Array Of Cards #cards 16 size 48 Howl #buckets 8 coarsen threshold 3686 Howl Bitmap #cards 512 size 80 coarsen threshold 460 Card regions per heap region 1 cards per card region 4096
 CPUs: 4 total, 4 available
 Memory: 12174M
 Large Page Support: Disabled
 NUMA Support: Disabled
 Compressed Oops: Enabled (Zero based)
 Heap Region Size: 2M
 Heap Min Capacity: 8M
 Heap Initial Capacity: 192M
 Heap Max Capacity: 3044M
 Pre-touch: Disabled
 Parallel Workers: 4
 Concurrent Workers: 1
 Concurrent Refinement Workers: 4
 Periodic GC: Disabled
Heap:
 garbage-first heap   total reserved 3117056K, committed 51200K, used 28438K [0x0000000741c00000, 0x0000000800000000)
  region size 2048K, 8 young (16384K), 1 survivors (2048K)
 Metaspace       used 28722K, committed 29184K, reserved 1114112K
  class space    used 2939K, committed 3200K, reserved 1048576K
GC Heap History (14 events):
Event: 2.106 GC heap before
{Heap before GC invocations=0 (full 0):
 garbage-first heap   total reserved 3117056K, committed 198656K, used 29812K [0x0000000741c00000, 0x0000000800000000)
  region size 2048K, 14 young (28672K), 0 survivors (0K)
 Metaspace       used 3583K, committed 3840K, reserved 1114112K
  class space    used 291K, committed 384K, reserved 1048576K
}
Event: 2.185 GC heap after
{Heap after GC invocations=1 (full 0):
 garbage-first heap   total reserved 3117056K, committed 198656K, used 3188K [0x0000000741c00000, 0x0000000800000000)
  region size 2048K, 1 young (2048K), 1 survivors (2048K)
 Metaspace       used 3583K, committed 3840K, reserved 1114112K
  class space    used 291K, committed 384K, reserved 1048576K
}
Event: 4.413 GC heap before
{Heap before GC invocations=1 (full 0):
 garbage-first heap   total reserved 3117056K, committed 198656K, used 91252K [0x0000000741c00000, 0x0000000800000000)
  region size 2048K, 44 young (90112K), 1 survivors (2048K)
 Metaspace       used 12162K, committed 12416K, reserved 1114112K
  class space    used 1275K, committed 1408K, reserved 1048576K
}
Event: 4.422 GC heap after
{Heap after GC invocations=2 (full 0):
 garbage-first heap   total reserved 3117056K, committed 198656K, used 6539K [0x0000000741c00000, 0x0000000800000000)
  region size 2048K, 3 young (6144K), 3 survivors (6144K)
 Metaspace       used 12162K, committed 12416K, reserved 1114112K
  class space    used 1275K, committed 1408K, reserved 1048576K
}
Event: 7.754 GC heap before
{Heap before GC invocations=2 (full 0):
 garbage-first heap   total reserved 3117056K, committed 198656K, used 94603K [0x0000000741c00000, 0x0000000800000000)
  region size 2048K, 47 young (96256K), 3 survivors (6144K)
 Metaspace       used 21197K, committed 21504K, reserved 1114112K
  class space    used 2077K, committed 2240K, reserved 1048576K
}
Event: 7.768 GC heap after
{Heap after GC invocations=3 (full 0):
 garbage-first heap   total reserved 3117056K, committed 198656K, used 10998K [0x0000000741c00000, 0x0000000800000000)
  region size 2048K, 5 young (10240K), 5 survivors (10240K)
 Metaspace       used 21197K, committed 21504K, reserved 1114112K
  class space    used 2077K, committed 2240K, reserved 1048576K
}
Event: 7.888 GC heap before
{Heap before GC invocations=4 (full 0):
 garbage-first heap   total reserved 3117056K, committed 40960K, used 39670K [0x0000000741c00000, 0x0000000800000000)
  region size 2048K, 19 young (38912K), 5 survivors (10240K)
 Metaspace       used 21203K, committed 21568K, reserved 1114112K
  class space    used 2077K, committed 2240K, reserved 1048576K
}
Event: 7.905 GC heap after
{Heap after GC invocations=5 (full 0):
 garbage-first heap   total reserved 3117056K, committed 51200K, used 11217K [0x0000000741c00000, 0x0000000800000000)
  region size 2048K, 4 young (8192K), 4 survivors (8192K)
 Metaspace       used 21203K, committed 21568K, reserved 1114112K
  class space    used 2077K, committed 2240K, reserved 1048576K
}
Event: 9.144 GC heap before
{Heap before GC invocations=5 (full 0):
 garbage-first heap   total reserved 3117056K, committed 51200K, used 33745K [0x0000000741c00000, 0x0000000800000000)
  region size 2048K, 15 young (30720K), 4 survivors (8192K)
 Metaspace       used 24096K, committed 24448K, reserved 1114112K
  class space    used 2394K, committed 2560K, reserved 1048576K
}
Event: 9.157 GC heap after
{Heap after GC invocations=6 (full 0):
 garbage-first heap   total reserved 3117056K, committed 51200K, used 12021K [0x0000000741c00000, 0x0000000800000000)
  region size 2048K, 1 young (2048K), 1 survivors (2048K)
 Metaspace       used 24096K, committed 24448K, reserved 1114112K
  class space    used 2394K, committed 2560K, reserved 1048576K
}
Event: 10.063 GC heap before
{Heap before GC invocations=6 (full 0):
 garbage-first heap   total reserved 3117056K, committed 51200K, used 38645K [0x0000000741c00000, 0x0000000800000000)
  region size 2048K, 14 young (28672K), 1 survivors (2048K)
 Metaspace       used 25287K, committed 25664K, reserved 1114112K
  class space    used 2509K, committed 2688K, reserved 1048576K
}
Event: 10.067 GC heap after
{Heap after GC invocations=7 (full 0):
 garbage-first heap   total reserved 3117056K, committed 51200K, used 13960K [0x0000000741c00000, 0x0000000800000000)
  region size 2048K, 2 young (4096K), 2 survivors (4096K)
 Metaspace       used 25287K, committed 25664K, reserved 1114112K
  class space    used 2509K, committed 2688K, reserved 1048576K
}
Event: 12.812 GC heap before
{Heap before GC invocations=7 (full 0):
 garbage-first heap   total reserved 3117056K, committed 51200K, used 40584K [0x0000000741c00000, 0x0000000800000000)
  region size 2048K, 15 young (30720K), 2 survivors (4096K)
 Metaspace       used 27077K, committed 27456K, reserved 1114112K
  class space    used 2757K, committed 2944K, reserved 1048576K
}
Event: 12.819 GC heap after
{Heap after GC invocations=8 (full 0):
 garbage-first heap   total reserved 3117056K, committed 51200K, used 16150K [0x0000000741c00000, 0x0000000800000000)
  region size 2048K, 1 young (2048K), 1 survivors (2048K)
 Metaspace       used 27077K, committed 27456K, reserved 1114112K
  class space    used 2757K, committed 2944K, reserved 1048576K
}

