# JRE version: Java(TM) SE Runtime Environment (24.0.1+9) (build 24.0.1+9-30)
# Java VM: Java HotSpot(TM) 64-Bit Server VM (24.0.1+9-30, mixed mode, sharing, tiered, compressed oops, compressed class ptrs, g1 gc, windows-amd64)
GC Precious Log:
 CardTable entry size: 512
 Card Set container configuration: InlinePtr #cards 4 size 8 Array Of Cards #cards 16 size 48 Howl #buckets 8 coarsen threshold 3686 Howl Bitmap #cards 512 size 80 coarsen threshold 460 Card regions per heap region 1 cards per card region 4096
 CPUs: 4 total, 4 available
 Memory: 12174M
 Large Page Support: Disabled
 NUMA Support: Disabled
 Compressed Oops: Enabled (Zero based)
 Heap Region Size: 2M
 Heap Min Capacity: 8M
 Heap Initial Capacity: 192M
 Heap Max Capacity: 3044M
 Pre-touch: Disabled
 Parallel Workers: 4
 Concurrent Workers: 1
 Concurrent Refinement Workers: 4
 Periodic GC: Disabled
Heap:
 garbage-first heap   total reserved 3117056K, committed 51200K, used 19164K [0x0000000741c00000, 0x0000000800000000)
  region size 2048K, 3 young (6144K), 1 survivors (2048K)
 Metaspace       used 28194K, committed 28736K, reserved 1114112K
  class space    used 2884K, committed 3136K, reserved 1048576K
GC Heap History (20 events):
Event: 3.710 GC heap before
{Heap before GC invocations=1 (full 0):
 garbage-first heap   total reserved 3117056K, committed 198656K, used 91252K [0x0000000741c00000, 0x0000000800000000)
  region size 2048K, 44 young (90112K), 1 survivors (2048K)
 Metaspace       used 12159K, committed 12416K, reserved 1114112K
  class space    used 1279K, committed 1408K, reserved 1048576K
}
Event: 3.718 GC heap after
{Heap after GC invocations=2 (full 0):
 garbage-first heap   total reserved 3117056K, committed 198656K, used 6552K [0x0000000741c00000, 0x0000000800000000)
  region size 2048K, 3 young (6144K), 3 survivors (6144K)
 Metaspace       used 12159K, committed 12416K, reserved 1114112K
  class space    used 1279K, committed 1408K, reserved 1048576K
}
Event: 5.987 GC heap before
{Heap before GC invocations=2 (full 0):
 garbage-first heap   total reserved 3117056K, committed 198656K, used 98712K [0x0000000741c00000, 0x0000000800000000)
  region size 2048K, 49 young (100352K), 3 survivors (6144K)
 Metaspace       used 21125K, committed 21440K, reserved 1114112K
  class space    used 2079K, committed 2240K, reserved 1048576K
}
Event: 6.003 GC heap after
{Heap after GC invocations=3 (full 0):
 garbage-first heap   total reserved 3117056K, committed 198656K, used 10583K [0x0000000741c00000, 0x0000000800000000)
  region size 2048K, 5 young (10240K), 5 survivors (10240K)
 Metaspace       used 21125K, committed 21440K, reserved 1114112K
  class space    used 2079K, committed 2240K, reserved 1048576K
}
Event: 6.100 GC heap before
{Heap before GC invocations=3 (full 0):
 garbage-first heap   total reserved 3117056K, committed 198656K, used 45399K [0x0000000741c00000, 0x0000000800000000)
  region size 2048K, 23 young (47104K), 5 survivors (10240K)
 Metaspace       used 21220K, committed 21504K, reserved 1114112K
  class space    used 2090K, committed 2240K, reserved 1048576K
}
Event: 6.114 GC heap after
{Heap after GC invocations=4 (full 0):
 garbage-first heap   total reserved 3117056K, committed 198656K, used 11214K [0x0000000741c00000, 0x0000000800000000)
  region size 2048K, 4 young (8192K), 4 survivors (8192K)
 Metaspace       used 21220K, committed 21504K, reserved 1114112K
  class space    used 2090K, committed 2240K, reserved 1048576K
}
Event: 6.876 GC heap before
{Heap before GC invocations=5 (full 0):
 garbage-first heap   total reserved 3117056K, committed 40960K, used 39886K [0x0000000741c00000, 0x0000000800000000)
  region size 2048K, 18 young (36864K), 4 survivors (8192K)
 Metaspace       used 24383K, committed 24704K, reserved 1114112K
  class space    used 2420K, committed 2560K, reserved 1048576K
}
Event: 6.888 GC heap after
{Heap after GC invocations=6 (full 0):
 garbage-first heap   total reserved 3117056K, committed 51200K, used 11940K [0x0000000741c00000, 0x0000000800000000)
  region size 2048K, 5 young (10240K), 5 survivors (10240K)
 Metaspace       used 24383K, committed 24704K, reserved 1114112K
  class space    used 2420K, committed 2560K, reserved 1048576K
}
Event: 7.388 GC heap before
{Heap before GC invocations=6 (full 0):
 garbage-first heap   total reserved 3117056K, committed 51200K, used 32420K [0x0000000741c00000, 0x0000000800000000)
  region size 2048K, 15 young (30720K), 5 survivors (10240K)
 Metaspace       used 25116K, committed 25536K, reserved 1114112K
  class space    used 2495K, committed 2688K, reserved 1048576K
}
Event: 7.402 GC heap after
{Heap after GC invocations=7 (full 0):
 garbage-first heap   total reserved 3117056K, committed 51200K, used 13323K [0x0000000741c00000, 0x0000000800000000)
  region size 2048K, 2 young (4096K), 2 survivors (4096K)
 Metaspace       used 25116K, committed 25536K, reserved 1114112K
  class space    used 2495K, committed 2688K, reserved 1048576K
}
Event: 8.373 GC heap before
{Heap before GC invocations=7 (full 0):
 garbage-first heap   total reserved 3117056K, committed 51200K, used 39947K [0x0000000741c00000, 0x0000000800000000)
  region size 2048K, 15 young (30720K), 2 survivors (4096K)
 Metaspace       used 26418K, committed 26752K, reserved 1114112K
  class space    used 2681K, committed 2816K, reserved 1048576K
}
Event: 8.379 GC heap after
{Heap after GC invocations=8 (full 0):
 garbage-first heap   total reserved 3117056K, committed 51200K, used 15790K [0x0000000741c00000, 0x0000000800000000)
  region size 2048K, 2 young (4096K), 2 survivors (4096K)
 Metaspace       used 26418K, committed 26752K, reserved 1114112K
  class space    used 2681K, committed 2816K, reserved 1048576K
}
Event: 50.789 GC heap before
{Heap before GC invocations=8 (full 0):
 garbage-first heap   total reserved 3117056K, committed 51200K, used 40366K [0x0000000741c00000, 0x0000000800000000)
  region size 2048K, 14 young (28672K), 2 survivors (4096K)
 Metaspace       used 27930K, committed 28352K, reserved 1114112K
  class space    used 2882K, committed 3072K, reserved 1048576K
}
Event: 50.799 GC heap after
{Heap after GC invocations=9 (full 0):
 garbage-first heap   total reserved 3117056K, committed 51200K, used 17219K [0x0000000741c00000, 0x0000000800000000)
  region size 2048K, 2 young (4096K), 2 survivors (4096K)
 Metaspace       used 27930K, committed 28352K, reserved 1114112K
  class space    used 2882K, committed 3072K, reserved 1048576K
}
Event: 127.982 GC heap before
{Heap before GC invocations=9 (full 0):
 garbage-first heap   total reserved 3117056K, committed 51200K, used 39747K [0x0000000741c00000, 0x0000000800000000)
  region size 2048K, 14 young (28672K), 2 survivors (4096K)
 Metaspace       used 28085K, committed 28544K, reserved 1114112K
  class space    used 2884K, committed 3136K, reserved 1048576K
}
Event: 127.987 GC heap after
{Heap after GC invocations=10 (full 0):
 garbage-first heap   total reserved 3117056K, committed 51200K, used 17371K [0x0000000741c00000, 0x0000000800000000)
  region size 2048K, 1 young (2048K), 1 survivors (2048K)
 Metaspace       used 28085K, committed 28544K, reserved 1114112K
  class space    used 2884K, committed 3136K, reserved 1048576K
}
Event: 143.265 GC heap before
{Heap before GC invocations=10 (full 0):
 garbage-first heap   total reserved 3117056K, committed 51200K, used 41947K [0x0000000741c00000, 0x0000000800000000)
  region size 2048K, 14 young (28672K), 1 survivors (2048K)
 Metaspace       used 28169K, committed 28608K, reserved 1114112K
  class space    used 2884K, committed 3136K, reserved 1048576K
}
Event: 143.268 GC heap after
{Heap after GC invocations=11 (full 0):
 garbage-first heap   total reserved 3117056K, committed 51200K, used 17443K [0x0000000741c00000, 0x0000000800000000)
  region size 2048K, 1 young (2048K), 1 survivors (2048K)
 Metaspace       used 28169K, committed 28608K, reserved 1114112K
  class space    used 2884K, committed 3136K, reserved 1048576K
}
Event: 146.287 GC heap before
{Heap before GC invocations=11 (full 0):
 garbage-first heap   total reserved 3117056K, committed 51200K, used 42019K [0x0000000741c00000, 0x0000000800000000)
  region size 2048K, 14 young (28672K), 1 survivors (2048K)
 Metaspace       used 28193K, committed 28736K, reserved 1114112K
  class space    used 2884K, committed 3136K, reserved 1048576K
}
Event: 146.289 GC heap after
{Heap after GC invocations=12 (full 0):
 garbage-first heap   total reserved 3117056K, committed 51200K, used 17116K [0x0000000741c00000, 0x0000000800000000)
  region size 2048K, 1 young (2048K), 1 survivors (2048K)
 Metaspace       used 28193K, committed 28736K, reserved 1114112K
  class space    used 2884K, committed 3136K, reserved 1048576K
}

