# JRE version: Java(TM) SE Runtime Environment (24.0.1+9) (build 24.0.1+9-30)
# Java VM: Java HotSpot(TM) 64-Bit Server VM (24.0.1+9-30, mixed mode, sharing, tiered, compressed oops, compressed class ptrs, g1 gc, windows-amd64)
GC Precious Log:
 CardTable entry size: 512
 Card Set container configuration: InlinePtr #cards 4 size 8 Array Of Cards #cards 16 size 48 Howl #buckets 8 coarsen threshold 3686 Howl Bitmap #cards 512 size 80 coarsen threshold 460 Card regions per heap region 1 cards per card region 4096
 CPUs: 4 total, 4 available
 Memory: 12174M
 Large Page Support: Disabled
 NUMA Support: Disabled
 Compressed Oops: Enabled (Zero based)
 Heap Region Size: 2M
 Heap Min Capacity: 8M
 Heap Initial Capacity: 192M
 Heap Max Capacity: 3044M
 Pre-touch: Disabled
 Parallel Workers: 4
 Concurrent Workers: 1
 Concurrent Refinement Workers: 4
 Periodic GC: Disabled
Heap:
 garbage-first heap   total reserved 3117056K, committed 51200K, used 26694K [0x0000000741c00000, 0x0000000800000000)
  region size 2048K, 8 young (16384K), 2 survivors (4096K)
 Metaspace       used 27999K, committed 28480K, reserved 1114112K
  class space    used 2884K, committed 3136K, reserved 1048576K
GC Heap History (16 events):
Event: 1.788 GC heap before
{Heap before GC invocations=0 (full 0):
 garbage-first heap   total reserved 3117056K, committed 198656K, used 29812K [0x0000000741c00000, 0x0000000800000000)
  region size 2048K, 14 young (28672K), 0 survivors (0K)
 Metaspace       used 3594K, committed 3776K, reserved 1114112K
  class space    used 291K, committed 384K, reserved 1048576K
}
Event: 1.806 GC heap after
{Heap after GC invocations=1 (full 0):
 garbage-first heap   total reserved 3117056K, committed 198656K, used 3188K [0x0000000741c00000, 0x0000000800000000)
  region size 2048K, 1 young (2048K), 1 survivors (2048K)
 Metaspace       used 3594K, committed 3776K, reserved 1114112K
  class space    used 291K, committed 384K, reserved 1048576K
}
Event: 4.463 GC heap before
{Heap before GC invocations=1 (full 0):
 garbage-first heap   total reserved 3117056K, committed 198656K, used 91252K [0x0000000741c00000, 0x0000000800000000)
  region size 2048K, 44 young (90112K), 1 survivors (2048K)
 Metaspace       used 12130K, committed 12416K, reserved 1114112K
  class space    used 1279K, committed 1408K, reserved 1048576K
}
Event: 4.472 GC heap after
{Heap after GC invocations=2 (full 0):
 garbage-first heap   total reserved 3117056K, committed 198656K, used 6343K [0x0000000741c00000, 0x0000000800000000)
  region size 2048K, 3 young (6144K), 3 survivors (6144K)
 Metaspace       used 12130K, committed 12416K, reserved 1114112K
  class space    used 1279K, committed 1408K, reserved 1048576K
}
Event: 6.766 GC heap before
{Heap before GC invocations=2 (full 0):
 garbage-first heap   total reserved 3117056K, committed 198656K, used 92359K [0x0000000741c00000, 0x0000000800000000)
  region size 2048K, 46 young (94208K), 3 survivors (6144K)
 Metaspace       used 21176K, committed 21504K, reserved 1114112K
  class space    used 2078K, committed 2240K, reserved 1048576K
}
Event: 6.782 GC heap after
{Heap after GC invocations=3 (full 0):
 garbage-first heap   total reserved 3117056K, committed 198656K, used 10580K [0x0000000741c00000, 0x0000000800000000)
  region size 2048K, 5 young (10240K), 5 survivors (10240K)
 Metaspace       used 21176K, committed 21504K, reserved 1114112K
  class space    used 2078K, committed 2240K, reserved 1048576K
}
Event: 6.897 GC heap before
{Heap before GC invocations=4 (full 0):
 garbage-first heap   total reserved 3117056K, committed 40960K, used 39252K [0x0000000741c00000, 0x0000000800000000)
  region size 2048K, 19 young (38912K), 5 survivors (10240K)
 Metaspace       used 21183K, committed 21568K, reserved 1114112K
  class space    used 2078K, committed 2240K, reserved 1048576K
}
Event: 6.913 GC heap after
{Heap after GC invocations=5 (full 0):
 garbage-first heap   total reserved 3117056K, committed 51200K, used 10705K [0x0000000741c00000, 0x0000000800000000)
  region size 2048K, 4 young (8192K), 4 survivors (8192K)
 Metaspace       used 21183K, committed 21568K, reserved 1114112K
  class space    used 2078K, committed 2240K, reserved 1048576K
}
Event: 7.706 GC heap before
{Heap before GC invocations=5 (full 0):
 garbage-first heap   total reserved 3117056K, committed 51200K, used 33233K [0x0000000741c00000, 0x0000000800000000)
  region size 2048K, 15 young (30720K), 4 survivors (8192K)
 Metaspace       used 24077K, committed 24384K, reserved 1114112K
  class space    used 2397K, committed 2560K, reserved 1048576K
}
Event: 7.718 GC heap after
{Heap after GC invocations=6 (full 0):
 garbage-first heap   total reserved 3117056K, committed 51200K, used 12051K [0x0000000741c00000, 0x0000000800000000)
  region size 2048K, 1 young (2048K), 1 survivors (2048K)
 Metaspace       used 24077K, committed 24384K, reserved 1114112K
  class space    used 2397K, committed 2560K, reserved 1048576K
}
Event: 8.789 GC heap before
{Heap before GC invocations=6 (full 0):
 garbage-first heap   total reserved 3117056K, committed 51200K, used 38675K [0x0000000741c00000, 0x0000000800000000)
  region size 2048K, 14 young (28672K), 1 survivors (2048K)
 Metaspace       used 25759K, committed 26112K, reserved 1114112K
  class space    used 2575K, committed 2752K, reserved 1048576K
}
Event: 8.796 GC heap after
{Heap after GC invocations=7 (full 0):
 garbage-first heap   total reserved 3117056K, committed 51200K, used 13979K [0x0000000741c00000, 0x0000000800000000)
  region size 2048K, 2 young (4096K), 2 survivors (4096K)
 Metaspace       used 25759K, committed 26112K, reserved 1114112K
  class space    used 2575K, committed 2752K, reserved 1048576K
}
Event: 9.942 GC heap before
{Heap before GC invocations=7 (full 0):
 garbage-first heap   total reserved 3117056K, committed 51200K, used 40603K [0x0000000741c00000, 0x0000000800000000)
  region size 2048K, 15 young (30720K), 2 survivors (4096K)
 Metaspace       used 26945K, committed 27328K, reserved 1114112K
  class space    used 2740K, committed 2944K, reserved 1048576K
}
Event: 9.951 GC heap after
{Heap after GC invocations=8 (full 0):
 garbage-first heap   total reserved 3117056K, committed 51200K, used 16073K [0x0000000741c00000, 0x0000000800000000)
  region size 2048K, 2 young (4096K), 2 survivors (4096K)
 Metaspace       used 26945K, committed 27328K, reserved 1114112K
  class space    used 2740K, committed 2944K, reserved 1048576K
}
Event: 38.589 GC heap before
{Heap before GC invocations=8 (full 0):
 garbage-first heap   total reserved 3117056K, committed 51200K, used 38601K [0x0000000741c00000, 0x0000000800000000)
  region size 2048K, 14 young (28672K), 2 survivors (4096K)
 Metaspace       used 27972K, committed 28480K, reserved 1114112K
  class space    used 2884K, committed 3136K, reserved 1048576K
}
Event: 38.593 GC heap after
{Heap after GC invocations=9 (full 0):
 garbage-first heap   total reserved 3117056K, committed 51200K, used 16454K [0x0000000741c00000, 0x0000000800000000)
  region size 2048K, 2 young (4096K), 2 survivors (4096K)
 Metaspace       used 27972K, committed 28480K, reserved 1114112K
  class space    used 2884K, committed 3136K, reserved 1048576K
}

