# JRE version: Java(TM) SE Runtime Environment (24.0.1+9) (build 24.0.1+9-30)
# Java VM: Java HotSpot(TM) 64-Bit Server VM (24.0.1+9-30, mixed mode, sharing, tiered, compressed oops, compressed class ptrs, g1 gc, windows-amd64)
GC Precious Log:
 CardTable entry size: 512
 Card Set container configuration: InlinePtr #cards 4 size 8 Array Of Cards #cards 16 size 48 Howl #buckets 8 coarsen threshold 3686 Howl Bitmap #cards 512 size 80 coarsen threshold 460 Card regions per heap region 1 cards per card region 4096
 CPUs: 4 total, 4 available
 Memory: 12174M
 Large Page Support: Disabled
 NUMA Support: Disabled
 Compressed Oops: Enabled (Zero based)
 Heap Region Size: 2M
 Heap Min Capacity: 8M
 Heap Initial Capacity: 192M
 Heap Max Capacity: 3044M
 Pre-touch: Disabled
 Parallel Workers: 4
 Concurrent Workers: 1
 Concurrent Refinement Workers: 4
 Periodic GC: Disabled
Heap:
 garbage-first heap   total reserved 3117056K, committed 51200K, used 30163K [0x0000000741c00000, 0x0000000800000000)
  region size 2048K, 11 young (22528K), 2 survivors (4096K)
 Metaspace       used 27536K, committed 27904K, reserved 1114112K
  class space    used 2819K, committed 3008K, reserved 1048576K
GC Heap History (14 events):
Event: 1.687 GC heap before
{Heap before GC invocations=0 (full 0):
 garbage-first heap   total reserved 3117056K, committed 198656K, used 29812K [0x0000000741c00000, 0x0000000800000000)
  region size 2048K, 14 young (28672K), 0 survivors (0K)
 Metaspace       used 3591K, committed 3776K, reserved 1114112K
  class space    used 290K, committed 384K, reserved 1048576K
}
Event: 1.695 GC heap after
{Heap after GC invocations=1 (full 0):
 garbage-first heap   total reserved 3117056K, committed 198656K, used 3153K [0x0000000741c00000, 0x0000000800000000)
  region size 2048K, 1 young (2048K), 1 survivors (2048K)
 Metaspace       used 3591K, committed 3776K, reserved 1114112K
  class space    used 290K, committed 384K, reserved 1048576K
}
Event: 4.283 GC heap before
{Heap before GC invocations=1 (full 0):
 garbage-first heap   total reserved 3117056K, committed 198656K, used 91217K [0x0000000741c00000, 0x0000000800000000)
  region size 2048K, 44 young (90112K), 1 survivors (2048K)
 Metaspace       used 12150K, committed 12416K, reserved 1114112K
  class space    used 1279K, committed 1408K, reserved 1048576K
}
Event: 4.292 GC heap after
{Heap after GC invocations=2 (full 0):
 garbage-first heap   total reserved 3117056K, committed 198656K, used 6323K [0x0000000741c00000, 0x0000000800000000)
  region size 2048K, 3 young (6144K), 3 survivors (6144K)
 Metaspace       used 12150K, committed 12416K, reserved 1114112K
  class space    used 1279K, committed 1408K, reserved 1048576K
}
Event: 7.274 GC heap before
{Heap before GC invocations=2 (full 0):
 garbage-first heap   total reserved 3117056K, committed 198656K, used 100531K [0x0000000741c00000, 0x0000000800000000)
  region size 2048K, 49 young (100352K), 3 survivors (6144K)
 Metaspace       used 21185K, committed 21504K, reserved 1114112K
  class space    used 2074K, committed 2240K, reserved 1048576K
}
Event: 7.290 GC heap after
{Heap after GC invocations=3 (full 0):
 garbage-first heap   total reserved 3117056K, committed 198656K, used 10993K [0x0000000741c00000, 0x0000000800000000)
  region size 2048K, 5 young (10240K), 5 survivors (10240K)
 Metaspace       used 21185K, committed 21504K, reserved 1114112K
  class space    used 2074K, committed 2240K, reserved 1048576K
}
Event: 7.567 GC heap before
{Heap before GC invocations=3 (full 0):
 garbage-first heap   total reserved 3117056K, committed 198656K, used 56049K [0x0000000741c00000, 0x0000000800000000)
  region size 2048K, 28 young (57344K), 5 survivors (10240K)
 Metaspace       used 21230K, committed 21504K, reserved 1114112K
  class space    used 2078K, committed 2240K, reserved 1048576K
}
Event: 7.578 GC heap after
{Heap after GC invocations=4 (full 0):
 garbage-first heap   total reserved 3117056K, committed 198656K, used 10947K [0x0000000741c00000, 0x0000000800000000)
  region size 2048K, 4 young (8192K), 4 survivors (8192K)
 Metaspace       used 21230K, committed 21504K, reserved 1114112K
  class space    used 2078K, committed 2240K, reserved 1048576K
}
Event: 8.368 GC heap before
{Heap before GC invocations=5 (full 0):
 garbage-first heap   total reserved 3117056K, committed 40960K, used 39619K [0x0000000741c00000, 0x0000000800000000)
  region size 2048K, 18 young (36864K), 4 survivors (8192K)
 Metaspace       used 24245K, committed 24576K, reserved 1114112K
  class space    used 2411K, committed 2560K, reserved 1048576K
}
Event: 8.380 GC heap after
{Heap after GC invocations=6 (full 0):
 garbage-first heap   total reserved 3117056K, committed 51200K, used 11980K [0x0000000741c00000, 0x0000000800000000)
  region size 2048K, 5 young (10240K), 5 survivors (10240K)
 Metaspace       used 24245K, committed 24576K, reserved 1114112K
  class space    used 2411K, committed 2560K, reserved 1048576K
}
Event: 9.057 GC heap before
{Heap before GC invocations=6 (full 0):
 garbage-first heap   total reserved 3117056K, committed 51200K, used 32460K [0x0000000741c00000, 0x0000000800000000)
  region size 2048K, 15 young (30720K), 5 survivors (10240K)
 Metaspace       used 25047K, committed 25408K, reserved 1114112K
  class space    used 2480K, committed 2624K, reserved 1048576K
}
Event: 9.074 GC heap after
{Heap after GC invocations=7 (full 0):
 garbage-first heap   total reserved 3117056K, committed 51200K, used 13443K [0x0000000741c00000, 0x0000000800000000)
  region size 2048K, 2 young (4096K), 2 survivors (4096K)
 Metaspace       used 25047K, committed 25408K, reserved 1114112K
  class space    used 2480K, committed 2624K, reserved 1048576K
}
Event: 10.671 GC heap before
{Heap before GC invocations=7 (full 0):
 garbage-first heap   total reserved 3117056K, committed 51200K, used 38019K [0x0000000741c00000, 0x0000000800000000)
  region size 2048K, 14 young (28672K), 2 survivors (4096K)
 Metaspace       used 25967K, committed 26304K, reserved 1114112K
  class space    used 2594K, committed 2752K, reserved 1048576K
}
Event: 10.678 GC heap after
{Heap after GC invocations=8 (full 0):
 garbage-first heap   total reserved 3117056K, committed 51200K, used 15827K [0x0000000741c00000, 0x0000000800000000)
  region size 2048K, 2 young (4096K), 2 survivors (4096K)
 Metaspace       used 25967K, committed 26304K, reserved 1114112K
  class space    used 2594K, committed 2752K, reserved 1048576K
}

