# JRE version: Java(TM) SE Runtime Environment (24.0.1+9) (build 24.0.1+9-30)
# Java VM: Java HotSpot(TM) 64-Bit Server VM (24.0.1+9-30, mixed mode, sharing, tiered, compressed oops, compressed class ptrs, g1 gc, windows-amd64)
GC Precious Log:
 CardTable entry size: 512
 Card Set container configuration: InlinePtr #cards 4 size 8 Array Of Cards #cards 16 size 48 Howl #buckets 8 coarsen threshold 3686 Howl Bitmap #cards 512 size 80 coarsen threshold 460 Card regions per heap region 1 cards per card region 4096
 CPUs: 4 total, 4 available
 Memory: 12174M
 Large Page Support: Disabled
 NUMA Support: Disabled
 Compressed Oops: Enabled (Zero based)
 Heap Region Size: 2M
 Heap Min Capacity: 8M
 Heap Initial Capacity: 192M
 Heap Max Capacity: 3044M
 Pre-touch: Disabled
 Parallel Workers: 4
 Concurrent Workers: 1
 Concurrent Refinement Workers: 4
 Periodic GC: Disabled
Heap:
 garbage-first heap   total reserved 3117056K, committed 51200K, used 23746K [0x0000000741c00000, 0x0000000800000000)
  region size 2048K, 5 young (10240K), 1 survivors (2048K)
 Metaspace       used 28588K, committed 29056K, reserved 1114112K
  class space    used 2981K, committed 3200K, reserved 1048576K
GC Heap History (16 events):
Event: 1.614 GC heap before
{Heap before GC invocations=0 (full 0):
 garbage-first heap   total reserved 3117056K, committed 198656K, used 29812K [0x0000000741c00000, 0x0000000800000000)
  region size 2048K, 14 young (28672K), 0 survivors (0K)
 Metaspace       used 3557K, committed 3776K, reserved 1114112K
  class space    used 287K, committed 384K, reserved 1048576K
}
Event: 1.619 GC heap after
{Heap after GC invocations=1 (full 0):
 garbage-first heap   total reserved 3117056K, committed 198656K, used 3178K [0x0000000741c00000, 0x0000000800000000)
  region size 2048K, 1 young (2048K), 1 survivors (2048K)
 Metaspace       used 3557K, committed 3776K, reserved 1114112K
  class space    used 287K, committed 384K, reserved 1048576K
}
Event: 4.019 GC heap before
{Heap before GC invocations=1 (full 0):
 garbage-first heap   total reserved 3117056K, committed 198656K, used 91242K [0x0000000741c00000, 0x0000000800000000)
  region size 2048K, 44 young (90112K), 1 survivors (2048K)
 Metaspace       used 12161K, committed 12480K, reserved 1114112K
  class space    used 1275K, committed 1408K, reserved 1048576K
}
Event: 4.027 GC heap after
{Heap after GC invocations=2 (full 0):
 garbage-first heap   total reserved 3117056K, committed 198656K, used 6369K [0x0000000741c00000, 0x0000000800000000)
  region size 2048K, 3 young (6144K), 3 survivors (6144K)
 Metaspace       used 12161K, committed 12480K, reserved 1114112K
  class space    used 1275K, committed 1408K, reserved 1048576K
}
Event: 6.671 GC heap before
{Heap before GC invocations=2 (full 0):
 garbage-first heap   total reserved 3117056K, committed 198656K, used 100577K [0x0000000741c00000, 0x0000000800000000)
  region size 2048K, 49 young (100352K), 3 survivors (6144K)
 Metaspace       used 21181K, committed 21504K, reserved 1114112K
  class space    used 2078K, committed 2240K, reserved 1048576K
}
Event: 6.686 GC heap after
{Heap after GC invocations=3 (full 0):
 garbage-first heap   total reserved 3117056K, committed 198656K, used 11380K [0x0000000741c00000, 0x0000000800000000)
  region size 2048K, 5 young (10240K), 5 survivors (10240K)
 Metaspace       used 21181K, committed 21504K, reserved 1114112K
  class space    used 2078K, committed 2240K, reserved 1048576K
}
Event: 6.765 GC heap before
{Heap before GC invocations=3 (full 0):
 garbage-first heap   total reserved 3117056K, committed 198656K, used 35956K [0x0000000741c00000, 0x0000000800000000)
  region size 2048K, 18 young (36864K), 5 survivors (10240K)
 Metaspace       used 21226K, committed 21504K, reserved 1114112K
  class space    used 2083K, committed 2240K, reserved 1048576K
}
Event: 6.777 GC heap after
{Heap after GC invocations=4 (full 0):
 garbage-first heap   total reserved 3117056K, committed 198656K, used 10748K [0x0000000741c00000, 0x0000000800000000)
  region size 2048K, 4 young (8192K), 4 survivors (8192K)
 Metaspace       used 21226K, committed 21504K, reserved 1114112K
  class space    used 2083K, committed 2240K, reserved 1048576K
}
Event: 7.541 GC heap before
{Heap before GC invocations=5 (full 0):
 garbage-first heap   total reserved 3117056K, committed 40960K, used 39420K [0x0000000741c00000, 0x0000000800000000)
  region size 2048K, 18 young (36864K), 4 survivors (8192K)
 Metaspace       used 24214K, committed 24576K, reserved 1114112K
  class space    used 2415K, committed 2560K, reserved 1048576K
}
Event: 7.553 GC heap after
{Heap after GC invocations=6 (full 0):
 garbage-first heap   total reserved 3117056K, committed 51200K, used 11971K [0x0000000741c00000, 0x0000000800000000)
  region size 2048K, 5 young (10240K), 5 survivors (10240K)
 Metaspace       used 24214K, committed 24576K, reserved 1114112K
  class space    used 2415K, committed 2560K, reserved 1048576K
}
Event: 8.768 GC heap before
{Heap before GC invocations=6 (full 0):
 garbage-first heap   total reserved 3117056K, committed 51200K, used 32451K [0x0000000741c00000, 0x0000000800000000)
  region size 2048K, 15 young (30720K), 5 survivors (10240K)
 Metaspace       used 25113K, committed 25472K, reserved 1114112K
  class space    used 2491K, committed 2688K, reserved 1048576K
}
Event: 8.785 GC heap after
{Heap after GC invocations=7 (full 0):
 garbage-first heap   total reserved 3117056K, committed 51200K, used 13586K [0x0000000741c00000, 0x0000000800000000)
  region size 2048K, 2 young (4096K), 2 survivors (4096K)
 Metaspace       used 25113K, committed 25472K, reserved 1114112K
  class space    used 2491K, committed 2688K, reserved 1048576K
}
Event: 10.051 GC heap before
{Heap before GC invocations=7 (full 0):
 garbage-first heap   total reserved 3117056K, committed 51200K, used 38162K [0x0000000741c00000, 0x0000000800000000)
  region size 2048K, 14 young (28672K), 2 survivors (4096K)
 Metaspace       used 26013K, committed 26432K, reserved 1114112K
  class space    used 2612K, committed 2816K, reserved 1048576K
}
Event: 10.057 GC heap after
{Heap after GC invocations=8 (full 0):
 garbage-first heap   total reserved 3117056K, committed 51200K, used 15679K [0x0000000741c00000, 0x0000000800000000)
  region size 2048K, 2 young (4096K), 2 survivors (4096K)
 Metaspace       used 26013K, committed 26432K, reserved 1114112K
  class space    used 2612K, committed 2816K, reserved 1048576K
}
Event: 27.406 GC heap before
{Heap before GC invocations=8 (full 0):
 garbage-first heap   total reserved 3117056K, committed 51200K, used 40255K [0x0000000741c00000, 0x0000000800000000)
  region size 2048K, 14 young (28672K), 2 survivors (4096K)
 Metaspace       used 28338K, committed 28800K, reserved 1114112K
  class space    used 2956K, committed 3200K, reserved 1048576K
}
Event: 27.414 GC heap after
{Heap after GC invocations=9 (full 0):
 garbage-first heap   total reserved 3117056K, committed 51200K, used 17602K [0x0000000741c00000, 0x0000000800000000)
  region size 2048K, 1 young (2048K), 1 survivors (2048K)
 Metaspace       used 28338K, committed 28800K, reserved 1114112K
  class space    used 2956K, committed 3200K, reserved 1048576K
}

